ffmpeg version 4.3.1-2020-11-08-essentials_build-www.gyan.dev Copyright (c) 2000-2020 the FFmpeg developers
  built with gcc 10.2.0 (Rev3, Built by MSYS2 project)
  configuration: --enable-gpl --enable-version3 --enable-static --disable-w32threads --disable-autodetect --enable-fontconfig --enable-iconv --enable-gnutls --enable-libxml2 --enable-gmp --enable-lzma --enable-zlib --enable-libsrt --enable-libssh --enable-libzmq --enable-avisynth --enable-sdl2 --enable-libwebp --enable-libx264 --enable-libx265 --enable-libxvid --enable-libaom --enable-libopenjpeg --enable-libvpx --enable-libass --enable-libfreetype --enable-libfribidi --enable-libvidstab --enable-libvmaf --enable-libzimg --enable-amf --enable-cuda-llvm --enable-cuvid --enable-ffnvcodec --enable-nvdec --enable-nvenc --enable-d3d11va --enable-dxva2 --enable-libmfx --enable-libgme --enable-libopenmpt --enable-libopencore-amrwb --enable-libmp3lame --enable-libtheora --enable-libvo-amrwbenc --enable-libgsm --enable-libopencore-amrnb --enable-libopus --enable-libspeex --enable-libvorbis --enable-librubberband
  libavutil      56. 51.100 / 56. 51.100
  libavcodec     58. 91.100 / 58. 91.100
  libavformat    58. 45.100 / 58. 45.100
  libavdevice    58. 10.100 / 58. 10.100
  libavfilter     7. 85.100 /  7. 85.100
  libswscale      5.  7.100 /  5.  7.100
  libswresample   3.  7.100 /  3.  7.100
  libpostproc    55.  7.100 / 55.  7.100
Splitting the commandline.
Reading option '-v' ... matched as option 'v' (set logging level) with argument 'debug'.
Reading option '-nostdin' ... matched as option 'stdin' (enable or disable interaction on standard input) with argument 0.
Reading option '-progress' ... matched as option 'progress' (write program-readable progress information) with argument 'C:/Users/emilb/AppData/Local/Temp/KritaFFmpegProgress.GkMjML'.
Reading option '-r' ... matched as option 'r' (set frame rate (Hz value, fraction or abbreviation)) with argument '9'.
Reading option '-start_number' ... matched as AVOption 'start_number' with argument '0'.
Reading option '-i' ... matched as input url with argument 'C:/Sync/p1/Billeder/5050/200200 test/frame%04d.png'.
Reading option '-vf' ... matched as option 'vf' (set video filters) with argument 'palettegen'.
Reading option '-y' ... matched as option 'y' (overwrite output files) with argument '1'.
Reading option 'C:/Sync/p1/Billeder/5050/200200 test/palette.png' ... matched as output url.
Finished splitting the commandline.
Parsing a group of options: global .
Applying option v (set logging level) with argument debug.
Applying option nostdin (enable or disable interaction on standard input) with argument 0.
Applying option progress (write program-readable progress information) with argument C:/Users/emilb/AppData/Local/Temp/KritaFFmpegProgress.GkMjML.
[file @ 000001edf4afd880] Setting default whitelist 'file,crypto,data'
Applying option y (overwrite output files) with argument 1.
Successfully parsed a group of options.
Parsing a group of options: input url C:/Sync/p1/Billeder/5050/200200 test/frame%04d.png.
Applying option r (set frame rate (Hz value, fraction or abbreviation)) with argument 9.
Successfully parsed a group of options.
Opening an input file: C:/Sync/p1/Billeder/5050/200200 test/frame%04d.png.
[image2 @ 000001edf4b3e400] Opening 'C:/Sync/p1/Billeder/5050/200200 test/frame0000.png' for reading
[file @ 000001edf4b41ac0] Setting default whitelist 'file,crypto,data'
[AVIOContext @ 000001edf4b49c80] Statistics: 1735 bytes read, 0 seeks
[image2 @ 000001edf4b3e400] Opening 'C:/Sync/p1/Billeder/5050/200200 test/frame0001.png' for reading
[file @ 000001edf4b41b40] Setting default whitelist 'file,crypto,data'
[AVIOContext @ 000001edf4b41cc0] Statistics: 1724 bytes read, 0 seeks
[image2 @ 000001edf4b3e400] Opening 'C:/Sync/p1/Billeder/5050/200200 test/frame0002.png' for reading
[file @ 000001edf4b49c80] Setting default whitelist 'file,crypto,data'
[AVIOContext @ 000001edf4b41c80] Statistics: 1712 bytes read, 0 seeks
[image2 @ 000001edf4b3e400] Opening 'C:/Sync/p1/Billeder/5050/200200 test/frame0003.png' for reading
[file @ 000001edf4b41c00] Setting default whitelist 'file,crypto,data'
[AVIOContext @ 000001edf4b42e80] Statistics: 1703 bytes read, 0 seeks
[image2 @ 000001edf4b3e400] Opening 'C:/Sync/p1/Billeder/5050/200200 test/frame0004.png' for reading
[file @ 000001edf4b42e80] Setting default whitelist 'file,crypto,data'
[AVIOContext @ 000001edf4b43700] Statistics: 1678 bytes read, 0 seeks
[image2 @ 000001edf4b3e400] Opening 'C:/Sync/p1/Billeder/5050/200200 test/frame0005.png' for reading
[file @ 000001edf4b42e80] Setting default whitelist 'file,crypto,data'
[AVIOContext @ 000001edf4b43700] Statistics: 1775 bytes read, 0 seeks
[image2 @ 000001edf4b3e400] Opening 'C:/Sync/p1/Billeder/5050/200200 test/frame0006.png' for reading
[file @ 000001edf4b43700] Setting default whitelist 'file,crypto,data'
[AVIOContext @ 000001edf4b53580] Statistics: 1675 bytes read, 0 seeks
[image2 @ 000001edf4b3e400] Opening 'C:/Sync/p1/Billeder/5050/200200 test/frame0007.png' for reading
[file @ 000001edf4b53580] Setting default whitelist 'file,crypto,data'
[AVIOContext @ 000001edf4b54e00] Statistics: 1703 bytes read, 0 seeks
[image2 @ 000001edf4b3e400] Opening 'C:/Sync/p1/Billeder/5050/200200 test/frame0008.png' for reading
[file @ 000001edf4b54e00] Setting default whitelist 'file,crypto,data'
[AVIOContext @ 000001edf4b55680] Statistics: 1712 bytes read, 0 seeks
[image2 @ 000001edf4b3e400] Opening 'C:/Sync/p1/Billeder/5050/200200 test/frame0009.png' for reading
[file @ 000001edf4b55680] Setting default whitelist 'file,crypto,data'
[AVIOContext @ 000001edf4b56740] Statistics: 1724 bytes read, 0 seeks
[image2 @ 000001edf4b3e400] Opening 'C:/Sync/p1/Billeder/5050/200200 test/frame0010.png' for reading
[file @ 000001edf4b56740] Setting default whitelist 'file,crypto,data'
[AVIOContext @ 000001edf4b56fc0] Statistics: 1735 bytes read, 0 seeks
[image2 @ 000001edf4b3e400] Opening 'C:/Sync/p1/Billeder/5050/200200 test/frame0011.png' for reading
[file @ 000001edf4b56fc0] Setting default whitelist 'file,crypto,data'
[AVIOContext @ 000001edf4b57880] Statistics: 1724 bytes read, 0 seeks
[image2 @ 000001edf4b3e400] Opening 'C:/Sync/p1/Billeder/5050/200200 test/frame0012.png' for reading
[file @ 000001edf4b56fc0] Setting default whitelist 'file,crypto,data'
[AVIOContext @ 000001edf4b57880] Statistics: 1712 bytes read, 0 seeks
[image2 @ 000001edf4b3e400] Opening 'C:/Sync/p1/Billeder/5050/200200 test/frame0013.png' for reading
[file @ 000001edf4b56fc0] Setting default whitelist 'file,crypto,data'
[AVIOContext @ 000001edf4b57880] Statistics: 1703 bytes read, 0 seeks
[image2 @ 000001edf4b3e400] Opening 'C:/Sync/p1/Billeder/5050/200200 test/frame0014.png' for reading
[file @ 000001edf4b56fc0] Setting default whitelist 'file,crypto,data'
[AVIOContext @ 000001edf4b57880] Statistics: 1678 bytes read, 0 seeks
[image2 @ 000001edf4b3e400] Opening 'C:/Sync/p1/Billeder/5050/200200 test/frame0015.png' for reading
[file @ 000001edf4b56fc0] Setting default whitelist 'file,crypto,data'
[AVIOContext @ 000001edf4b57880] Statistics: 1775 bytes read, 0 seeks
[image2 @ 000001edf4b3e400] Opening 'C:/Sync/p1/Billeder/5050/200200 test/frame0016.png' for reading
[file @ 000001edf4b56fc0] Setting default whitelist 'file,crypto,data'
[AVIOContext @ 000001edf4b57880] Statistics: 1672 bytes read, 0 seeks
[image2 @ 000001edf4b3e400] Opening 'C:/Sync/p1/Billeder/5050/200200 test/frame0017.png' for reading
[file @ 000001edf4b56fc0] Setting default whitelist 'file,crypto,data'
[AVIOContext @ 000001edf4b57880] Statistics: 1703 bytes read, 0 seeks
[image2 @ 000001edf4b3e400] Opening 'C:/Sync/p1/Billeder/5050/200200 test/frame0018.png' for reading
[file @ 000001edf4b56fc0] Setting default whitelist 'file,crypto,data'
[AVIOContext @ 000001edf4b57880] Statistics: 1712 bytes read, 0 seeks
[image2 @ 000001edf4b3e400] Opening 'C:/Sync/p1/Billeder/5050/200200 test/frame0019.png' for reading
[file @ 000001edf4b56fc0] Setting default whitelist 'file,crypto,data'
[AVIOContext @ 000001edf4b57880] Statistics: 1724 bytes read, 0 seeks
Input #0, image2, from 'C:/Sync/p1/Billeder/5050/200200 test/frame%04d.png':
  Duration: 00:00:00.80, start: 0.000000, bitrate: N/A
    Stream #0:0, 20, 1/25: Video: png, 1 reference frame, rgba(pc), 47x50 [SAR 3937:3937 DAR 47:50], 0/1, 25 fps, 25 tbr, 25 tbn, 25 tbc
Successfully opened the file.
Parsing a group of options: output url C:/Sync/p1/Billeder/5050/200200 test/palette.png.
Applying option vf (set video filters) with argument palettegen.
Successfully parsed a group of options.
Opening an output file: C:/Sync/p1/Billeder/5050/200200 test/palette.png.
Successfully opened the file.
detected 12 logical cores
Stream mapping:
  Stream #0:0 -> #0:0 (png (native) -> png (native))
cur_dts is invalid st:0 (0) [init:0 i_done:0 finish:0] (this is harmless if it occurs once at the start per stream)
    Last message repeated 12 times
[graph 0 input from stream 0:0 @ 000001edf4b60080] Setting 'video_size' to value '47x50'
[graph 0 input from stream 0:0 @ 000001edf4b60080] Setting 'pix_fmt' to value '26'
[graph 0 input from stream 0:0 @ 000001edf4b60080] Setting 'time_base' to value '1/9'
[graph 0 input from stream 0:0 @ 000001edf4b60080] Setting 'pixel_aspect' to value '3937/3937'
[graph 0 input from stream 0:0 @ 000001edf4b60080] Setting 'frame_rate' to value '9/1'
[graph 0 input from stream 0:0 @ 000001edf4b60080] w:47 h:50 pixfmt:rgba tb:1/9 fr:9/1 sar:3937/3937
[format @ 000001edf4ba41c0] Setting 'pix_fmts' to value 'rgb24|rgba|rgb48be|rgba64be|pal8|gray|ya8|gray16be|ya16be|monob'
[auto_scaler_0 @ 000001edf4bafa80] Setting 'flags' to value 'bicubic'
[auto_scaler_0 @ 000001edf4bafa80] w:iw h:ih flags:'bicubic' interl:0
[Parsed_palettegen_0 @ 000001edf4bb8f00] auto-inserting filter 'auto_scaler_0' between the filter 'graph 0 input from stream 0:0' and the filter 'Parsed_palettegen_0'
[auto_scaler_1 @ 000001edf4ba31c0] Setting 'flags' to value 'bicubic'
[auto_scaler_1 @ 000001edf4ba31c0] w:iw h:ih flags:'bicubic' interl:0
[format @ 000001edf4ba41c0] auto-inserting filter 'auto_scaler_1' between the filter 'Parsed_palettegen_0' and the filter 'format'
[AVFilterGraph @ 000001edf4b4af40] query_formats: 4 queried, 1 merged, 2 already done, 0 delayed
[auto_scaler_1 @ 000001edf4ba31c0] picking rgba out of 10 ref:bgra alpha:1
[swscaler @ 000001edf4fc7fc0] Forcing full internal H chroma due to odd output size
[swscaler @ 000001edf4fc7fc0] Forcing full internal H chroma due to input having non subsampled chroma
[auto_scaler_0 @ 000001edf4bafa80] w:47 h:50 fmt:rgba sar:3937/3937 -> w:47 h:50 fmt:bgra sar:1/1 flags:0x4
[swscaler @ 000001edf4fdaf40] Forcing full internal H chroma due to input having non subsampled chroma
[auto_scaler_1 @ 000001edf4ba31c0] w:16 h:16 fmt:bgra sar:1/1 -> w:16 h:16 fmt:rgba sar:1/1 flags:0x4
Output #0, image2, to 'C:/Sync/p1/Billeder/5050/200200 test/palette.png':
  Metadata:
    encoder         : Lavf58.45.100
    Stream #0:0, 0, 1/9: Video: png, 1 reference frame, rgba, 16x16 [SAR 1:1 DAR 1:1], 0/1, q=2-31, 200 kb/s, 9 fps, 9 tbn, 9 tbc
    Metadata:
      encoder         : Lavc58.91.100 png
cur_dts is invalid st:0 (0) [init:1 i_done:0 finish:0] (this is harmless if it occurs once at the start per stream)
    Last message repeated 19 times
[Parsed_palettegen_0 @ 000001edf4bb8f00] 54(+1) colors generated out of 54 colors; ratio=1.000000
[Parsed_palettegen_0 @ 000001edf4bb8f00] Dupped color: FF000000
    Last message repeated 8 times
[Parsed_palettegen_0 @ 000001edf4bb8f00] Dupped color: FF000300
[Parsed_palettegen_0 @ 000001edf4bb8f00] Dupped color: FF004525
[Parsed_palettegen_0 @ 000001edf4bb8f00] Dupped color: FF004727
[Parsed_palettegen_0 @ 000001edf4bb8f00] Dupped color: FF006E3C
[Parsed_palettegen_0 @ 000001edf4bb8f00] Dupped color: FF02502D
[Parsed_palettegen_0 @ 000001edf4bb8f00] Dupped color: FF64716C
[Parsed_palettegen_0 @ 000001edf4bb8f00] Dupped color: FFABB0AE
[Parsed_palettegen_0 @ 000001edf4bb8f00] Dupped color: FFB4B4B4
[Parsed_palettegen_0 @ 000001edf4bb8f00] Dupped color: FFD9D6D6
[Parsed_palettegen_0 @ 000001edf4bb8f00] Dupped color: FFDEE3E1
cur_dts is invalid st:0 (0) [init:1 i_done:0 finish:0] (this is harmless if it occurs once at the start per stream)
Clipping frame in rate conversion by 0.000008
cur_dts is invalid st:0 (0) [init:1 i_done:0 finish:0] (this is harmless if it occurs once at the start per stream)
[out_0_0 @ 000001edf33173c0] EOF on sink link out_0_0:default.
No more output streams to write to, finishing.
[image2 @ 000001edf4b40d00] Opening 'C:/Sync/p1/Billeder/5050/200200 test/palette.png' for writing
[file @ 000001edf4b46b00] Setting default whitelist 'file,crypto,data'
[AVIOContext @ 000001edf4bb36c0] Statistics: 0 seeks, 1 writeouts
frame=    1 fps=0.0 q=-0.0 Lsize=N/A time=00:00:00.11 bitrate=N/A speed=17.5x    
[AVIOContext @ 000001edf4b3e2c0] Statistics: 0 seeks, 1 writeouts
video:0kB audio:0kB subtitle:0kB other streams:0kB global headers:0kB muxing overhead: unknown
Input file #0 (C:/Sync/p1/Billeder/5050/200200 test/frame%04d.png):
  Input stream #0:0 (video): 20 packets read (34279 bytes); 20 frames decoded; 
  Total: 20 packets (34279 bytes) demuxed
Output file #0 (C:/Sync/p1/Billeder/5050/200200 test/palette.png):
  Output stream #0:0 (video): 1 frames encoded; 1 packets muxed (250 bytes); 
  Total: 1 packets (250 bytes) muxed
20 frames successfully decoded, 0 decoding errors
